<?xml version="1.0" encoding="UTF-8"?>
<testsuite name="com.ibm.customer.controller.CustomerControllerTest" tests="1" skipped="0" failures="0" errors="0" timestamp="2018-03-05T09:58:08" hostname="DESKTOP-MO8QFGR" time="0.051">
  <properties/>
  <testcase name="read" classname="com.ibm.customer.controller.CustomerControllerTest" time="0.051"/>
  <system-out><![CDATA[15:27:57.195 [Test worker] DEBUG org.springframework.test.context.junit4.SpringJUnit4ClassRunner - SpringJUnit4ClassRunner constructor called with [class com.ibm.customer.controller.CustomerControllerTest]
15:27:57.217 [Test worker] DEBUG org.springframework.test.context.BootstrapUtils - Instantiating CacheAwareContextLoaderDelegate from class [org.springframework.test.context.cache.DefaultCacheAwareContextLoaderDelegate]
15:27:57.232 [Test worker] DEBUG org.springframework.test.context.BootstrapUtils - Instantiating BootstrapContext using constructor [public org.springframework.test.context.support.DefaultBootstrapContext(java.lang.Class,org.springframework.test.context.CacheAwareContextLoaderDelegate)]
15:27:57.270 [Test worker] DEBUG org.springframework.test.context.BootstrapUtils - Instantiating TestContextBootstrapper for test class [com.ibm.customer.controller.CustomerControllerTest] from class [org.springframework.boot.test.autoconfigure.web.servlet.WebMvcTestContextBootstrapper]
15:27:57.305 [Test worker] INFO org.springframework.boot.test.autoconfigure.web.servlet.WebMvcTestContextBootstrapper - Neither @ContextConfiguration nor @ContextHierarchy found for test class [com.ibm.customer.controller.CustomerControllerTest], using SpringBootContextLoader
15:27:57.311 [Test worker] DEBUG org.springframework.test.context.support.AbstractContextLoader - Did not detect default resource location for test class [com.ibm.customer.controller.CustomerControllerTest]: class path resource [com/ibm/customer/controller/CustomerControllerTest-context.xml] does not exist
15:27:57.312 [Test worker] DEBUG org.springframework.test.context.support.AbstractContextLoader - Did not detect default resource location for test class [com.ibm.customer.controller.CustomerControllerTest]: class path resource [com/ibm/customer/controller/CustomerControllerTestContext.groovy] does not exist
15:27:57.313 [Test worker] INFO org.springframework.test.context.support.AbstractContextLoader - Could not detect default resource locations for test class [com.ibm.customer.controller.CustomerControllerTest]: no resource found for suffixes {-context.xml, Context.groovy}.
15:27:57.314 [Test worker] INFO org.springframework.test.context.support.AnnotationConfigContextLoaderUtils - Could not detect default configuration classes for test class [com.ibm.customer.controller.CustomerControllerTest]: CustomerControllerTest does not declare any static, non-private, non-final, nested classes annotated with @Configuration.
15:27:57.566 [Test worker] DEBUG org.springframework.test.context.support.ActiveProfilesUtils - Could not find an 'annotation declaring class' for annotation type [org.springframework.test.context.ActiveProfiles] and class [com.ibm.customer.controller.CustomerControllerTest]
15:27:57.581 [Test worker] DEBUG org.springframework.core.env.StandardEnvironment - Adding PropertySource 'systemProperties' with lowest search precedence
15:27:57.582 [Test worker] DEBUG org.springframework.core.env.StandardEnvironment - Adding PropertySource 'systemEnvironment' with lowest search precedence
15:27:57.582 [Test worker] DEBUG org.springframework.core.env.StandardEnvironment - Initialized StandardEnvironment with PropertySources [MapPropertySource@925065929 {name='systemProperties', properties={java.runtime.name=Java(TM) SE Runtime Environment, sun.boot.library.path=C:\HertzInstalls\Java8Oracle\jre\bin, java.vm.version=25.144-b01, java.vm.vendor=Oracle Corporation, java.vendor.url=http://java.oracle.com/, path.separator=;, java.vm.name=Java HotSpot(TM) 64-Bit Server VM, file.encoding.pkg=sun.io, user.script=, sun.java.launcher=SUN_STANDARD, user.country=IN, sun.os.patch.level=, java.vm.specification.name=Java Virtual Machine Specification, user.dir=C:\Users\PUSHKARKALE\workspace-hertz\demoproject, java.runtime.version=1.8.0_144-b01, java.awt.graphicsenv=sun.awt.Win32GraphicsEnvironment, java.endorsed.dirs=C:\HertzInstalls\Java8Oracle\jre\lib\endorsed, os.arch=amd64, java.io.tmpdir=C:\Users\PUSHKA~1\AppData\Local\Temp\, line.separator=
, java.vm.specification.vendor=Oracle Corporation, user.variant=, os.name=Windows 10, sun.jnu.encoding=Cp1252, java.library.path=C:\HertzInstalls\Java8Oracle\bin;C:\WINDOWS\Sun\Java\bin;C:\WINDOWS\system32;C:\WINDOWS;C:\Program Files\Docker\Docker\Resources\bin;C:\ProgramData\Oracle\Java\javapath;C:\WINDOWS\system32;C:\WINDOWS;C:\WINDOWS\System32\Wbem;C:\WINDOWS\System32\WindowsPowerShell\v1.0\;C:\Program Files\CloudFoundry;C:\Program Files\IBM\Bluemix\bin;C:\HertzInstalls\Java8Oracle\bin;C:\Installations\apache-maven-3.5.2-bin\apache-maven-3.5.2\bin;C:\Program Files\Cloud Foundry;C:\Installations;C:\HertzInstalls\nodejs710\;C:\Installations\istio-0.4.0\bin;C:\Users\PUSHKARKALE\AppData\Local\Microsoft\WindowsApps;C:\Users\PUSHKARKALE\AppData\Roaming\npm;C:\Installations\Kubernetes\minikube;C:\Installations\curl-7.57.0\src;C:\Installations\Docker Toolbox;C:\WINDOWS\system32;C:\WINDOWS;C:\WINDOWS\System32\Wbem;C:\WINDOWS\System32\WindowsPowerShell\v1.0\;C:\Program Files\Intel\WiFi\bin\;C:\Program Files\Common Files\Intel\WirelessCommon\;C:\Program Files (x86)\Windows Kits\8.1\Windows Performance Toolkit\;C:\Installations\ant\\bin\;C:\Installations\sonar-scanner-3.0.3.778-windows\bin\;C:\Installations\gradle-4.5\bin\;C:\HertzInstalls\Git\cmd;C:\Users\PUSHKARKALE\AppData\Local\Microsoft\WindowsApps;C:\Program Files\Intel\WiFi\bin\;C:\Program Files\Common Files\Intel\WirelessCommon\;C:\HertzInstalls\Java8Oracle\bin;C:\Installations\apache-maven-3.5.2-bin\apache-maven-3.5.2\bin;C:\Users\PUSHKARKALE\AppData\Roaming\npm;;C:\Installations\DockerToolbox;., java.specification.name=Java Platform API Specification, java.class.version=52.0, org.gradle.native=false, sun.management.compiler=HotSpot 64-Bit Tiered Compilers, os.version=10.0, user.home=C:\Users\PUSHKARKALE, user.timezone=Asia/Calcutta, java.awt.printerjob=sun.awt.windows.WPrinterJob, file.encoding=windows-1252, java.specification.version=1.8, java.class.path=C:\Users\PUSHKARKALE\workspace-hertz\demoproject\build\classes\java\test;C:\Users\PUSHKARKALE\workspace-hertz\demoproject\build\resources\test;C:\Users\PUSHKARKALE\workspace-hertz\demoproject\build\classes\java\main;C:\Users\PUSHKARKALE\workspace-hertz\demoproject\build\resources\main;C:\Users\PUSHKARKALE\.gradle\caches\modules-2\files-2.1\org.springframework.boot\spring-boot-starter-web\1.5.10.RELEASE\8bc445f3ee81e5322e46b28cbb33bca1800b69d9\spring-boot-starter-web-1.5.10.RELEASE.jar;C:\Users\PUSHKARKALE\.gradle\caches\modules-2\files-2.1\org.springframework.boot\spring-boot-starter-actuator\1.5.10.RELEASE\64cfc9842b6b608b132ff258934db9045733f678\spring-boot-starter-actuator-1.5.10.RELEASE.jar;C:\Users\PUSHKARKALE\.gradle\caches\modules-2\files-2.1\org.springframework.boot\spring-boot-starter-data-mongodb\1.5.10.RELEASE\bf4a46badadfcdf81559d0cb8c09adf39d83bcd2\spring-boot-starter-data-mongodb-1.5.10.RELEASE.jar;C:\Users\PUSHKARKALE\.gradle\caches\modules-2\files-2.1\org.springframework.cloud\spring-cloud-starter-config\1.4.2.RELEASE\18a30a06cd13d784d6062c107d1f637bf1cc16a3\spring-cloud-starter-config-1.4.2.RELEASE.jar;C:\Users\PUSHKARKALE\.gradle\caches\modules-2\files-2.1\org.codehaus.groovy\groovy-all\2.4.5\1730f61e9c9e59fd1b814371265334d7be0b8d2\groovy-all-2.4.5.jar;C:\Users\PUSHKARKALE\.gradle\caches\modules-2\files-2.1\org.mongodb\mongodb-driver\3.2.0\3060f5ffa74ab10ecc0ef0674e4a7c5ab9289208\mongodb-driver-3.2.0.jar;C:\Users\PUSHKARKALE\.gradle\caches\modules-2\files-2.1\com.fasterxml.jackson.module\jackson-modules-java8\2.8.5\651dff03c98ec4b2908b1a2e1f6df83522474813\jackson-modules-java8-2.8.5.pom;C:\Users\PUSHKARKALE\.gradle\caches\modules-2\files-2.1\io.springfox\springfox-swagger2\2.4.0\c6919bdec913eb5e8204a7757cf86f34201f6aac\springfox-swagger2-2.4.0.jar;C:\Users\PUSHKARKALE\.gradle\caches\modules-2\files-2.1\io.springfox\springfox-swagger-ui\2.4.0\1205fbe70fbbcf6c87b3059a45772e56d8ce6615\springfox-swagger-ui-2.4.0.jar;C:\Users\PUSHKARKALE\.gradle\caches\modules-2\files-2.1\org.springframework.boot\spring-boot-starter-test\1.5.10.RELEASE\d4e1be51061d71b55f4bd4458d8437d1b943a70\spring-boot-starter-test-1.5.10.RELEASE.jar;C:\Users\PUSHKARKALE\.gradle\caches\modules-2\files-2.1\junit\junit\4.12\2973d150c0dc1fefe998f834810d68f278ea58ec\junit-4.12.jar;C:\Users\PUSHKARKALE\.gradle\caches\modules-2\files-2.1\org.springframework.cloud\spring-cloud-starter\1.3.2.RELEASE\fedb93a4a0ea9704b06a7ddc58c09af2cdce9a38\spring-cloud-starter-1.3.2.RELEASE.jar;C:\Users\PUSHKARKALE\.gradle\caches\modules-2\files-2.1\org.springframework.boot\spring-boot-starter\1.5.10.RELEASE\d935ac98f84c1d97d7ccd702d21abdc236fa7aa0\spring-boot-starter-1.5.10.RELEASE.jar;C:\Users\PUSHKARKALE\.gradle\caches\modules-2\files-2.1\org.springframework.boot\spring-boot-starter-tomcat\1.5.10.RELEASE\11e474e265f1c68fc435dddbac42ab3574b5e4b6\spring-boot-starter-tomcat-1.5.10.RELEASE.jar;C:\Users\PUSHKARKALE\.gradle\caches\modules-2\files-2.1\org.hibernate\hibernate-validator\5.3.6.Final\4c730be8bf55a8e9a61e79a2f2c079abf48b718\hibernate-validator-5.3.6.Final.jar;C:\Users\PUSHKARKALE\.gradle\caches\modules-2\files-2.1\org.springframework.boot\spring-boot-actuator\1.5.10.RELEASE\6cd22e2348aec18a19bedf86b5fb6d932d3f8c18\spring-boot-actuator-1.5.10.RELEASE.jar;C:\Users\PUSHKARKALE\.gradle\caches\modules-2\files-2.1\org.springframework.cloud\spring-cloud-config-client\1.4.2.RELEASE\fc9d8e46f43fc20cdd3c2d637dfe859a1f85ea3\spring-cloud-config-client-1.4.2.RELEASE.jar;C:\Users\PUSHKARKALE\.gradle\caches\modules-2\files-2.1\com.fasterxml.jackson.core\jackson-databind\2.8.10\f7b83cb2bc4b88d53961e749e1ad32f49ef017b7\jackson-databind-2.8.10.jar;C:\Users\PUSHKARKALE\.gradle\caches\modules-2\files-2.1\org.springframework\spring-webmvc\4.3.14.RELEASE\1571eab8a807005d424ca16fedd54b1f439787b2\spring-webmvc-4.3.14.RELEASE.jar;C:\Users\PUSHKARKALE\.gradle\caches\modules-2\files-2.1\org.springframework\spring-web\4.3.14.RELEASE\a0c3bf3ad661db185675bd5af350f35ed11f0903\spring-web-4.3.14.RELEASE.jar;C:\Users\PUSHKARKALE\.gradle\caches\modules-2\files-2.1\org.springframework.data\spring-data-mongodb\1.10.10.RELEASE\b452b00c8a83039b94edb33ecc278200ba940b74\spring-data-mongodb-1.10.10.RELEASE.jar;C:\Users\PUSHKARKALE\.gradle\caches\modules-2\files-2.1\org.mongodb\mongodb-driver-core\3.2.0\e9bc5b1eaa12f2b5779435d73860a3f4fe3beee0\mongodb-driver-core-3.2.0.jar;C:\Users\PUSHKARKALE\.gradle\caches\modules-2\files-2.1\org.mongodb\bson\3.2.0\d33524993e65abc5ec52d8d7f3be4b4fed147031\bson-3.2.0.jar;C:\Users\PUSHKARKALE\.gradle\caches\modules-2\files-2.1\io.springfox\springfox-swagger-common\2.4.0\8fe40ed5b97575890c82a04511e57f4c089c9a7b\springfox-swagger-common-2.4.0.jar;C:\Users\PUSHKARKALE\.gradle\caches\modules-2\files-2.1\io.swagger\swagger-models\1.5.6\e5c36321b8bbd1e4f10858b5ceededdeeb4844e1\swagger-models-1.5.6.jar;C:\Users\PUSHKARKALE\.gradle\caches\modules-2\files-2.1\io.swagger\swagger-annotations\1.5.6\feb5c3bbf4d4c16b24bcccef23d234451e95abf3\swagger-annotations-1.5.6.jar;C:\Users\PUSHKARKALE\.gradle\caches\modules-2\files-2.1\io.springfox\springfox-spring-web\2.4.0\3cbfea59cc9eec05f278e68d1cbf85de98bab563\springfox-spring-web-2.4.0.jar;C:\Users\PUSHKARKALE\.gradle\caches\modules-2\files-2.1\io.springfox\springfox-schema\2.4.0\5ccdc3f47cf6b888bcf8fd2c127a9dc7b68057d7\springfox-schema-2.4.0.jar;C:\Users\PUSHKARKALE\.gradle\caches\modules-2\files-2.1\io.springfox\springfox-spi\2.4.0\c822599f794e24f3b9350cde430e848d80032306\springfox-spi-2.4.0.jar;C:\Users\PUSHKARKALE\.gradle\caches\modules-2\files-2.1\io.springfox\springfox-core\2.4.0\e11854b8ede27b6eafa56c29e08e6a0e7ac4c278\springfox-core-2.4.0.jar;C:\Users\PUSHKARKALE\.gradle\caches\modules-2\files-2.1\com.google.guava\guava\18.0\cce0823396aa693798f8882e64213b1772032b09\guava-18.0.jar;C:\Users\PUSHKARKALE\.gradle\caches\modules-2\files-2.1\com.fasterxml\classmate\1.3.4\3d5f48f10bbe4eb7bd862f10c0583be2e0053c6\classmate-1.3.4.jar;C:\Users\PUSHKARKALE\.gradle\caches\modules-2\files-2.1\org.springframework.plugin\spring-plugin-metadata\1.2.0.RELEASE\97223fc496b6cab31602eedbd4202aa4fff0d44f\spring-plugin-metadata-1.2.0.RELEASE.jar;C:\Users\PUSHKARKALE\.gradle\caches\modules-2\files-2.1\org.springframework.plugin\spring-plugin-core\1.2.0.RELEASE\f380e7760032e7d929184f8ad8a33716b75c0657\spring-plugin-core-1.2.0.RELEASE.jar;C:\Users\PUSHKARKALE\.gradle\caches\modules-2\files-2.1\com.jayway.jsonpath\json-path\2.2.0\22290d17944bd239fabf5ac69005a60a7ecbbbcb\json-path-2.2.0.jar;C:\Users\PUSHKARKALE\.gradle\caches\modules-2\files-2.1\org.springframework.data\spring-data-commons\1.13.10.RELEASE\b732245a0902b561b0c33e54cd0f382e9ac444ed\spring-data-commons-1.13.10.RELEASE.jar;C:\Users\PUSHKARKALE\.gradle\caches\modules-2\files-2.1\org.springframework.boot\spring-boot-starter-logging\1.5.10.RELEASE\62c73688208b3173645d6701fc3eb95ca657e6c8\spring-boot-starter-logging-1.5.10.RELEASE.jar;C:\Users\PUSHKARKALE\.gradle\caches\modules-2\files-2.1\org.slf4j\jcl-over-slf4j\1.7.25\f8c32b13ff142a513eeb5b6330b1588dcb2c0461\jcl-over-slf4j-1.7.25.jar;C:\Users\PUSHKARKALE\.gradle\caches\modules-2\files-2.1\ch.qos.logback\logback-classic\1.1.11\ccedfbacef4a6515d2983e3f89ed753d5d4fb665\logback-classic-1.1.11.jar;C:\Users\PUSHKARKALE\.gradle\caches\modules-2\files-2.1\org.slf4j\jul-to-slf4j\1.7.25\af5364cd6679bfffb114f0dec8a157aaa283b76\jul-to-slf4j-1.7.25.jar;C:\Users\PUSHKARKALE\.gradle\caches\modules-2\files-2.1\org.slf4j\log4j-over-slf4j\1.7.25\a87bb47468f47ee7aabbd54f93e133d4215769c3\log4j-over-slf4j-1.7.25.jar;C:\Users\PUSHKARKALE\.gradle\caches\modules-2\files-2.1\org.slf4j\slf4j-api\1.7.25\da76ca59f6a57ee3102f8f9bd9cee742973efa8a\slf4j-api-1.7.25.jar;C:\Users\PUSHKARKALE\.gradle\caches\modules-2\files-2.1\org.mockito\mockito-core\1.10.19\e8546f5bef4e061d8dd73895b4e8f40e3fe6effe\mockito-core-1.10.19.jar;C:\Users\PUSHKARKALE\.gradle\caches\modules-2\files-2.1\org.hamcrest\hamcrest-library\1.3\4785a3c21320980282f9f33d0d1264a69040538f\hamcrest-library-1.3.jar;C:\Users\PUSHKARKALE\.gradle\caches\modules-2\files-2.1\org.hamcrest\hamcrest-core\1.3\42a25dc3219429f0e5d060061f71acb49bf010a0\hamcrest-core-1.3.jar;C:\Users\PUSHKARKALE\.gradle\caches\modules-2\files-2.1\org.springframework.boot\spring-boot-test-autoconfigure\1.5.10.RELEASE\55242f7c194fb141de8460a92e92b716469fc3a8\spring-boot-test-autoconfigure-1.5.10.RELEASE.jar;C:\Users\PUSHKARKALE\.gradle\caches\modules-2\files-2.1\org.springframework.boot\spring-boot-test\1.5.10.RELEASE\b7f28e8896906f0bbbb951727a7c5581c562d1c9\spring-boot-test-1.5.10.RELEASE.jar;C:\Users\PUSHKARKALE\.gradle\caches\modules-2\files-2.1\org.assertj\assertj-core\2.6.0\b532c3fc4f66bcfee4989a3514f1cd56203a33ad\assertj-core-2.6.0.jar;C:\Users\PUSHKARKALE\.gradle\caches\modules-2\files-2.1\org.skyscreamer\jsonassert\1.4.0\9cdbb373a06f6513e51e8c545ee6a5e981463edb\jsonassert-1.4.0.jar;C:\Users\PUSHKARKALE\.gradle\caches\modules-2\files-2.1\org.springframework\spring-test\4.3.14.RELEASE\1a7f6f51a263a3e09e94403653348b3864412c53\spring-test-4.3.14.RELEASE.jar;C:\Users\PUSHKARKALE\.gradle\caches\modules-2\files-2.1\org.springframework.boot\spring-boot-autoconfigure\1.5.10.RELEASE\be96efab0d35181f18c486b0ec8d6a41a7042fce\spring-boot-autoconfigure-1.5.10.RELEASE.jar;C:\Users\PUSHKARKALE\.gradle\caches\modules-2\files-2.1\org.springframework.boot\spring-boot\1.5.10.RELEASE\594b3efa04829f62754a19f59f81ba204636167a\spring-boot-1.5.10.RELEASE.jar;C:\Users\PUSHKARKALE\.gradle\caches\modules-2\files-2.1\org.springframework\spring-context\4.3.14.RELEASE\e50a712960926c30e537ef4a633f5d9dd5a8b155\spring-context-4.3.14.RELEASE.jar;C:\Users\PUSHKARKALE\.gradle\caches\modules-2\files-2.1\org.springframework\spring-aop\4.3.14.RELEASE\dfe55b0592aead8e3eb0e6a4e98db433b9e09bd7\spring-aop-4.3.14.RELEASE.jar;C:\Users\PUSHKARKALE\.gradle\caches\modules-2\files-2.1\org.springframework\spring-tx\4.3.14.RELEASE\1c9449fcb805837db3c706eab4c729f89688a267\spring-tx-4.3.14.RELEASE.jar;C:\Users\PUSHKARKALE\.gradle\caches\modules-2\files-2.1\org.springframework\spring-beans\4.3.14.RELEASE\7bcd17a68dd64e9447d7bff2c42ba7417678596e\spring-beans-4.3.14.RELEASE.jar;C:\Users\PUSHKARKALE\.gradle\caches\modules-2\files-2.1\org.springframework\spring-expression\4.3.14.RELEASE\58477b44debcb49b09e962e3047ee74c2c033e89\spring-expression-4.3.14.RELEASE.jar;C:\Users\PUSHKARKALE\.gradle\caches\modules-2\files-2.1\org.springframework\spring-core\4.3.14.RELEASE\c70ddb6204457a802d1f6882d65bca3e5b3c41df\spring-core-4.3.14.RELEASE.jar;C:\Users\PUSHKARKALE\.gradle\caches\modules-2\files-2.1\org.yaml\snakeyaml\1.17\7a27ea250c5130b2922b86dea63cbb1cc10a660c\snakeyaml-1.17.jar;C:\Users\PUSHKARKALE\.gradle\caches\modules-2\files-2.1\org.apache.tomcat.embed\tomcat-embed-websocket\8.5.27\3cba1c5187a17b0233de5712024d6e144036ba9a\tomcat-embed-websocket-8.5.27.jar;C:\Users\PUSHKARKALE\.gradle\caches\modules-2\files-2.1\org.apache.tomcat.embed\tomcat-embed-core\8.5.27\a10612f0af27c7bfcc4e8d88393adad1fc5b4ece\tomcat-embed-core-8.5.27.jar;C:\Users\PUSHKARKALE\.gradle\caches\modules-2\files-2.1\org.apache.tomcat.embed\tomcat-embed-el\8.5.27\5a591bcf5c930d2b37bb40c0f95180604a3b1a57\tomcat-embed-el-8.5.27.jar;C:\Users\PUSHKARKALE\.gradle\caches\modules-2\files-2.1\javax.validation\validation-api\1.1.0.Final\8613ae82954779d518631e05daa73a6a954817d5\validation-api-1.1.0.Final.jar;C:\Users\PUSHKARKALE\.gradle\caches\modules-2\files-2.1\org.jboss.logging\jboss-logging\3.3.1.Final\c46217ab74b532568c0ed31dc599db3048bd1b67\jboss-logging-3.3.1.Final.jar;C:\Users\PUSHKARKALE\.gradle\caches\modules-2\files-2.1\com.fasterxml.jackson.core\jackson-annotations\2.8.0\45b426f7796b741035581a176744d91090e2e6fb\jackson-annotations-2.8.0.jar;C:\Users\PUSHKARKALE\.gradle\caches\modules-2\files-2.1\com.fasterxml.jackson.core\jackson-core\2.8.10\eb21a035c66ad307e66ec8fce37f5d50fd62d039\jackson-core-2.8.10.jar;C:\Users\PUSHKARKALE\.gradle\caches\modules-2\files-2.1\org.springframework.cloud\spring-cloud-context\1.3.2.RELEASE\cced0fa4277765bd99ae81faa3a9a4677fba1260\spring-cloud-context-1.3.2.RELEASE.jar;C:\Users\PUSHKARKALE\.gradle\caches\modules-2\files-2.1\org.springframework.cloud\spring-cloud-commons\1.3.2.RELEASE\5de94425c1bb51f1ee73ca7e14eef88d8c020dc8\spring-cloud-commons-1.3.2.RELEASE.jar;C:\Users\PUSHKARKALE\.gradle\caches\modules-2\files-2.1\org.springframework.security\spring-security-rsa\1.0.3.RELEASE\b0b1ee770597b5de1b51e9a889dfd2dc35d251b0\spring-security-rsa-1.0.3.RELEASE.jar;C:\Users\PUSHKARKALE\.gradle\caches\modules-2\files-2.1\net.minidev\json-smart\2.2.1\5b9e5df7a62d1279b70dc882b041d249c4f0b002\json-smart-2.2.1.jar;C:\Users\PUSHKARKALE\.gradle\caches\modules-2\files-2.1\org.objenesis\objenesis\2.1\87c0ea803b69252868d09308b4618f766f135a96\objenesis-2.1.jar;C:\Users\PUSHKARKALE\.gradle\caches\modules-2\files-2.1\com.vaadin.external.google\android-json\0.0.20131108.vaadin1\fa26d351fe62a6a17f5cda1287c1c6110dec413f\android-json-0.0.20131108.vaadin1.jar;C:\Users\PUSHKARKALE\.gradle\caches\modules-2\files-2.1\org.apache.tomcat\tomcat-annotations-api\8.5.27\122c0a4acaba72bf4590e83c9fbcb3475c46edc5\tomcat-annotations-api-8.5.27.jar;C:\Users\PUSHKARKALE\.gradle\caches\modules-2\files-2.1\org.springframework.security\spring-security-crypto\4.2.4.RELEASE\31e79840d213f13b2bb28bda0d65fe54a78766c8\spring-security-crypto-4.2.4.RELEASE.jar;C:\Users\PUSHKARKALE\.gradle\caches\modules-2\files-2.1\org.apache.httpcomponents\httpclient\4.5.5\1603dfd56ebcd583ccdf337b6c3984ac55d89e58\httpclient-4.5.5.jar;C:\Users\PUSHKARKALE\.gradle\caches\modules-2\files-2.1\org.bouncycastle\bcpkix-jdk15on\1.55\6392d8cba22b722c6570d660ca0b3921ff1bae4f\bcpkix-jdk15on-1.55.jar;C:\Users\PUSHKARKALE\.gradle\caches\modules-2\files-2.1\net.minidev\accessors-smart\1.1\a527213f2fea112a04c9bdf0ec0264e34104cd08\accessors-smart-1.1.jar;C:\Users\PUSHKARKALE\.gradle\caches\modules-2\files-2.1\ch.qos.logback\logback-core\1.1.11\88b8df40340eed549fb07e2613879bf6b006704d\logback-core-1.1.11.jar;C:\Users\PUSHKARKALE\.gradle\caches\modules-2\files-2.1\org.apache.httpcomponents\httpcore\4.4.9\a86ce739e5a7175b4b234c290a00a5fdb80957a0\httpcore-4.4.9.jar;C:\Users\PUSHKARKALE\.gradle\caches\modules-2\files-2.1\commons-codec\commons-codec\1.10\4b95f4897fa13f2cd904aee711aeafc0c5295cd8\commons-codec-1.10.jar;C:\Users\PUSHKARKALE\.gradle\caches\modules-2\files-2.1\org.bouncycastle\bcprov-jdk15on\1.55\935f2e57a00ec2c489cbd2ad830d4a399708f979\bcprov-jdk15on-1.55.jar;C:\Users\PUSHKARKALE\.gradle\caches\modules-2\files-2.1\org.ow2.asm\asm\5.0.3\dcc2193db20e19e1feca8b1240dbbc4e190824fa\asm-5.0.3.jar, user.name=PUSHKARKALE, java.vm.specification.version=1.8, sun.java.command=worker.org.gradle.process.internal.worker.GradleWorkerMain 'Gradle Test Executor 2', java.home=C:\HertzInstalls\Java8Oracle\jre, sun.arch.data.model=64, user.language=en, java.specification.vendor=Oracle Corporation, awt.toolkit=sun.awt.windows.WToolkit, java.vm.info=mixed mode, java.version=1.8.0_144, java.ext.dirs=C:\HertzInstalls\Java8Oracle\jre\lib\ext;C:\WINDOWS\Sun\Java\lib\ext, sun.boot.class.path=C:\HertzInstalls\Java8Oracle\jre\lib\resources.jar;C:\HertzInstalls\Java8Oracle\jre\lib\rt.jar;C:\HertzInstalls\Java8Oracle\jre\lib\sunrsasign.jar;C:\HertzInstalls\Java8Oracle\jre\lib\jsse.jar;C:\HertzInstalls\Java8Oracle\jre\lib\jce.jar;C:\HertzInstalls\Java8Oracle\jre\lib\charsets.jar;C:\HertzInstalls\Java8Oracle\jre\lib\jfr.jar;C:\HertzInstalls\Java8Oracle\jre\classes, java.vendor=Oracle Corporation, org.gradle.test.worker=2, file.separator=\, java.vendor.url.bug=http://bugreport.sun.com/bugreport/, sun.io.unicode.encoding=UnicodeLittle, sun.cpu.endian=little, sun.desktop=windows, sun.cpu.isalist=amd64}}, SystemEnvironmentPropertySource@171604295 {name='systemEnvironment', properties={USERDOMAIN_ROAMINGPROFILE=AzureAD, PROCESSOR_LEVEL=6, VS140COMNTOOLS=C:\Program Files (x86)\Microsoft Visual Studio 14.0\Common7\Tools\, SESSIONNAME=Console, ALLUSERSPROFILE=C:\ProgramData, PROCESSOR_ARCHITECTURE=AMD64, PSModulePath=C:\Program Files\WindowsPowerShell\Modules;C:\WINDOWS\system32\WindowsPowerShell\v1.0\Modules, SystemDrive=C:, =E:=E:\, =ExitCode=00000000, DIRNAME=C:\Installations\gradle-4.5\bin\, USERNAME=PUSHKARKALE, CMD_LINE_ARGS=build, ProgramFiles(x86)=C:\Program Files (x86), FPS_BROWSER_USER_PROFILE_STRING=Default, APP_HOME=C:\Installations\gradle-4.5\bin\.., PATHEXT=.COM;.EXE;.BAT;.CMD;.VBS;.VBE;.JS;.JSE;.WSF;.WSH;.MSC, ProgramData=C:\ProgramData, ProgramW6432=C:\Program Files, HOMEPATH=\Users\PUSHKARKALE, PROCESSOR_IDENTIFIER=Intel64 Family 6 Model 78 Stepping 3, GenuineIntel, GYP_MSVS_VERSION=2015, M2_HOME=C:\Installations\apache-maven-3.5.2-bin\apache-maven-3.5.2, ProgramFiles=C:\Program Files, PUBLIC=C:\Users\Public, windir=C:\WINDOWS, =::=::\, _SKIP=2, LOCALAPPDATA=C:\Users\PUSHKARKALE\AppData\Local, USERDOMAIN=AzureAD, FPS_BROWSER_APP_PROFILE_STRING=Internet Explorer, LOGONSERVER=\\DESKTOP-MO8QFGR, JAVA_HOME=C:\HertzInstalls\Java8Oracle, PROMPT=$P$G, PYTHON=C:\Installations\Python2.7\python.exe, GRADLE_HOME=C:\Installations\gradle-4.5, ANT_HOME=C:\Installations\ant\, OneDrive=C:\Users\PUSHKARKALE\OneDrive, =C:=C:\Users\PUSHKARKALE\workspace-hertz\demoproject, APPDATA=C:\Users\PUSHKARKALE\AppData\Roaming, JAVA_EXE=C:\HertzInstalls\Java8Oracle/bin/java.exe, VBOX_MSI_INSTALL_PATH=C:\Program Files\Oracle\VirtualBox\, CommonProgramFiles=C:\Program Files\Common Files, Path=C:\Program Files\Docker\Docker\Resources\bin;C:\ProgramData\Oracle\Java\javapath;C:\WINDOWS\system32;C:\WINDOWS;C:\WINDOWS\System32\Wbem;C:\WINDOWS\System32\WindowsPowerShell\v1.0\;C:\Program Files\CloudFoundry;C:\Program Files\IBM\Bluemix\bin;C:\HertzInstalls\Java8Oracle\bin;C:\Installations\apache-maven-3.5.2-bin\apache-maven-3.5.2\bin;C:\Program Files\Cloud Foundry;C:\Installations;C:\HertzInstalls\nodejs710\;C:\Installations\istio-0.4.0\bin;C:\Users\PUSHKARKALE\AppData\Local\Microsoft\WindowsApps;C:\Users\PUSHKARKALE\AppData\Roaming\npm;C:\Installations\Kubernetes\minikube;C:\Installations\curl-7.57.0\src;C:\Installations\Docker Toolbox;C:\WINDOWS\system32;C:\WINDOWS;C:\WINDOWS\System32\Wbem;C:\WINDOWS\System32\WindowsPowerShell\v1.0\;C:\Program Files\Intel\WiFi\bin\;C:\Program Files\Common Files\Intel\WirelessCommon\;C:\Program Files (x86)\Windows Kits\8.1\Windows Performance Toolkit\;C:\Installations\ant\\bin\;C:\Installations\sonar-scanner-3.0.3.778-windows\bin\;C:\Installations\gradle-4.5\bin\;C:\HertzInstalls\Git\cmd;C:\Users\PUSHKARKALE\AppData\Local\Microsoft\WindowsApps;C:\Program Files\Intel\WiFi\bin\;C:\Program Files\Common Files\Intel\WirelessCommon\;C:\HertzInstalls\Java8Oracle\bin;C:\Installations\apache-maven-3.5.2-bin\apache-maven-3.5.2\bin;C:\Users\PUSHKARKALE\AppData\Roaming\npm;;C:\Installations\DockerToolbox, OS=Windows_NT, SONAR_RUNNER_HOME=C:\Installations\sonar-scanner-3.0.3.778-windows, COMPUTERNAME=DESKTOP-MO8QFGR, PROCESSOR_REVISION=4e03, CLASSPATH=C:\Installations\gradle-4.5\bin\..\lib\gradle-launcher-4.5.jar, CommonProgramW6432=C:\Program Files\Common Files, ComSpec=C:\WINDOWS\system32\cmd.exe, APP_BASE_NAME=gradle, =D:=D:\, SystemRoot=C:\WINDOWS, TEMP=C:\Users\PUSHKA~1\AppData\Local\Temp, HOMEDRIVE=C:, USERPROFILE=C:\Users\PUSHKARKALE, TMP=C:\Users\PUSHKA~1\AppData\Local\Temp, CommonProgramFiles(x86)=C:\Program Files (x86)\Common Files, NUMBER_OF_PROCESSORS=4, DOCKER_TOOLBOX_INSTALL_PATH=C:\Installations\DockerToolbox}}]
15:27:57.618 [Test worker] DEBUG org.springframework.core.io.support.PathMatchingResourcePatternResolver - Resolved classpath location [com/ibm/customer/controller/] to resources [URL [file:/C:/Users/PUSHKARKALE/workspace-hertz/demoproject/build/classes/java/test/com/ibm/customer/controller/], URL [file:/C:/Users/PUSHKARKALE/workspace-hertz/demoproject/build/classes/java/main/com/ibm/customer/controller/]]
15:27:57.620 [Test worker] DEBUG org.springframework.core.io.support.PathMatchingResourcePatternResolver - Looking for matching resources in directory tree [C:\Users\PUSHKARKALE\workspace-hertz\demoproject\build\classes\java\test\com\ibm\customer\controller]
15:27:57.622 [Test worker] DEBUG org.springframework.core.io.support.PathMatchingResourcePatternResolver - Searching directory [C:\Users\PUSHKARKALE\workspace-hertz\demoproject\build\classes\java\test\com\ibm\customer\controller] for files matching pattern [C:/Users/PUSHKARKALE/workspace-hertz/demoproject/build/classes/java/test/com/ibm/customer/controller/*.class]
15:27:57.633 [Test worker] DEBUG org.springframework.core.io.support.PathMatchingResourcePatternResolver - Looking for matching resources in directory tree [C:\Users\PUSHKARKALE\workspace-hertz\demoproject\build\classes\java\main\com\ibm\customer\controller]
15:27:57.634 [Test worker] DEBUG org.springframework.core.io.support.PathMatchingResourcePatternResolver - Searching directory [C:\Users\PUSHKARKALE\workspace-hertz\demoproject\build\classes\java\main\com\ibm\customer\controller] for files matching pattern [C:/Users/PUSHKARKALE/workspace-hertz/demoproject/build/classes/java/main/com/ibm/customer/controller/*.class]
15:27:57.638 [Test worker] DEBUG org.springframework.core.io.support.PathMatchingResourcePatternResolver - Resolved location pattern [classpath*:com/ibm/customer/controller/*.class] to resources [file [C:\Users\PUSHKARKALE\workspace-hertz\demoproject\build\classes\java\test\com\ibm\customer\controller\CustomerControllerTest.class], file [C:\Users\PUSHKARKALE\workspace-hertz\demoproject\build\classes\java\main\com\ibm\customer\controller\CustomerController.class]]
15:27:57.696 [Test worker] DEBUG org.springframework.core.io.support.PathMatchingResourcePatternResolver - Resolved classpath location [com/ibm/customer/] to resources [URL [file:/C:/Users/PUSHKARKALE/workspace-hertz/demoproject/build/classes/java/test/com/ibm/customer/], URL [file:/C:/Users/PUSHKARKALE/workspace-hertz/demoproject/build/classes/java/main/com/ibm/customer/]]
15:27:57.696 [Test worker] DEBUG org.springframework.core.io.support.PathMatchingResourcePatternResolver - Looking for matching resources in directory tree [C:\Users\PUSHKARKALE\workspace-hertz\demoproject\build\classes\java\test\com\ibm\customer]
15:27:57.696 [Test worker] DEBUG org.springframework.core.io.support.PathMatchingResourcePatternResolver - Searching directory [C:\Users\PUSHKARKALE\workspace-hertz\demoproject\build\classes\java\test\com\ibm\customer] for files matching pattern [C:/Users/PUSHKARKALE/workspace-hertz/demoproject/build/classes/java/test/com/ibm/customer/*.class]
15:27:57.699 [Test worker] DEBUG org.springframework.core.io.support.PathMatchingResourcePatternResolver - Looking for matching resources in directory tree [C:\Users\PUSHKARKALE\workspace-hertz\demoproject\build\classes\java\main\com\ibm\customer]
15:27:57.700 [Test worker] DEBUG org.springframework.core.io.support.PathMatchingResourcePatternResolver - Searching directory [C:\Users\PUSHKARKALE\workspace-hertz\demoproject\build\classes\java\main\com\ibm\customer] for files matching pattern [C:/Users/PUSHKARKALE/workspace-hertz/demoproject/build/classes/java/main/com/ibm/customer/*.class]
15:27:57.704 [Test worker] DEBUG org.springframework.core.io.support.PathMatchingResourcePatternResolver - Resolved location pattern [classpath*:com/ibm/customer/*.class] to resources [file [C:\Users\PUSHKARKALE\workspace-hertz\demoproject\build\classes\java\test\com\ibm\customer\Demo1ApplicationTests.class], file [C:\Users\PUSHKARKALE\workspace-hertz\demoproject\build\classes\java\main\com\ibm\customer\Demo1Application.class]]
15:27:57.740 [Test worker] DEBUG org.springframework.context.annotation.ClassPathScanningCandidateComponentProvider - Identified candidate component class: file [C:\Users\PUSHKARKALE\workspace-hertz\demoproject\build\classes\java\main\com\ibm\customer\Demo1Application.class]
15:27:57.742 [Test worker] INFO org.springframework.boot.test.context.SpringBootTestContextBootstrapper - Found @SpringBootConfiguration com.ibm.customer.Demo1Application for test class com.ibm.customer.controller.CustomerControllerTest
15:27:57.746 [Test worker] DEBUG org.springframework.boot.test.autoconfigure.web.servlet.WebMvcTestContextBootstrapper - @TestExecutionListeners is not present for class [com.ibm.customer.controller.CustomerControllerTest]: using defaults.
15:27:57.757 [Test worker] INFO org.springframework.boot.test.autoconfigure.web.servlet.WebMvcTestContextBootstrapper - Loaded default TestExecutionListener class names from location [META-INF/spring.factories]: [org.springframework.boot.test.autoconfigure.restdocs.RestDocsTestExecutionListener, org.springframework.boot.test.autoconfigure.web.client.MockRestServiceServerResetTestExecutionListener, org.springframework.boot.test.autoconfigure.web.servlet.MockMvcPrintOnlyOnFailureTestExecutionListener, org.springframework.boot.test.autoconfigure.web.servlet.WebDriverTestExecutionListener, org.springframework.boot.test.mock.mockito.MockitoTestExecutionListener, org.springframework.boot.test.mock.mockito.ResetMocksTestExecutionListener, org.springframework.test.context.web.ServletTestExecutionListener, org.springframework.test.context.support.DirtiesContextBeforeModesTestExecutionListener, org.springframework.test.context.support.DependencyInjectionTestExecutionListener, org.springframework.test.context.support.DirtiesContextTestExecutionListener, org.springframework.test.context.transaction.TransactionalTestExecutionListener, org.springframework.test.context.jdbc.SqlScriptsTestExecutionListener]
15:27:57.796 [Test worker] INFO org.springframework.boot.test.autoconfigure.web.servlet.WebMvcTestContextBootstrapper - Using TestExecutionListeners: [org.springframework.test.context.web.ServletTestExecutionListener@345d794d, org.springframework.test.context.support.DirtiesContextBeforeModesTestExecutionListener@39ac7343, org.springframework.boot.test.autoconfigure.SpringBootDependencyInjectionTestExecutionListener@40ed7d29, org.springframework.test.context.support.DirtiesContextTestExecutionListener@12d941c, org.springframework.test.context.transaction.TransactionalTestExecutionListener@5e650265, org.springframework.test.context.jdbc.SqlScriptsTestExecutionListener@4895481, org.springframework.boot.test.autoconfigure.restdocs.RestDocsTestExecutionListener@2fa6750c, org.springframework.boot.test.autoconfigure.web.client.MockRestServiceServerResetTestExecutionListener@42c69990, org.springframework.boot.test.autoconfigure.web.servlet.MockMvcPrintOnlyOnFailureTestExecutionListener@34c6cd87, org.springframework.boot.test.autoconfigure.web.servlet.WebDriverTestExecutionListener@7a25bac2, org.springframework.boot.test.mock.mockito.MockitoTestExecutionListener@66b7be9f, org.springframework.boot.test.mock.mockito.ResetMocksTestExecutionListener@10cba1c0]
15:27:57.801 [Test worker] DEBUG org.springframework.test.annotation.ProfileValueUtils - Retrieved @ProfileValueSourceConfiguration [null] for test class [com.ibm.customer.controller.CustomerControllerTest]
15:27:57.802 [Test worker] DEBUG org.springframework.test.annotation.ProfileValueUtils - Retrieved ProfileValueSource type [class org.springframework.test.annotation.SystemProfileValueSource] for class [com.ibm.customer.controller.CustomerControllerTest]
15:27:57.804 [Test worker] DEBUG org.springframework.test.annotation.ProfileValueUtils - Retrieved @ProfileValueSourceConfiguration [null] for test class [com.ibm.customer.controller.CustomerControllerTest]
15:27:57.804 [Test worker] DEBUG org.springframework.test.annotation.ProfileValueUtils - Retrieved ProfileValueSource type [class org.springframework.test.annotation.SystemProfileValueSource] for class [com.ibm.customer.controller.CustomerControllerTest]
15:27:57.809 [Test worker] DEBUG org.springframework.test.context.support.AbstractDirtiesContextTestExecutionListener - Before test class: context [DefaultTestContext@3d64f5e2 testClass = CustomerControllerTest, testInstance = [null], testMethod = [null], testException = [null], mergedContextConfiguration = [WebMergedContextConfiguration@1c36a373 testClass = CustomerControllerTest, locations = '{}', classes = '{class com.ibm.customer.Demo1Application}', contextInitializerClasses = '[]', activeProfiles = '{}', propertySourceLocations = '{}', propertySourceProperties = '{org.springframework.boot.test.autoconfigure.web.servlet.WebMvcTestContextBootstrapper=true}', contextCustomizers = set[org.springframework.boot.test.autoconfigure.OverrideAutoConfigurationContextCustomizerFactory$DisableAutoConfigurationContextCustomizer@6c99dc09, org.springframework.boot.test.autoconfigure.filter.TypeExcludeFiltersContextCustomizer@288c2df8, org.springframework.boot.test.autoconfigure.properties.PropertyMappingContextCustomizer@edea4631, org.springframework.boot.test.autoconfigure.web.servlet.WebDriverContextCustomizerFactory$Customizer@230a68ee, [ImportsContextCustomizer@df12772 key = [org.springframework.boot.autoconfigure.cache.CacheAutoConfiguration, org.springframework.boot.autoconfigure.context.MessageSourceAutoConfiguration, org.springframework.boot.autoconfigure.freemarker.FreeMarkerAutoConfiguration, org.springframework.boot.autoconfigure.groovy.template.GroovyTemplateAutoConfiguration, org.springframework.boot.autoconfigure.gson.GsonAutoConfiguration, org.springframework.boot.autoconfigure.hateoas.HypermediaAutoConfiguration, org.springframework.boot.autoconfigure.jackson.JacksonAutoConfiguration, org.springframework.boot.autoconfigure.mustache.MustacheAutoConfiguration, org.springframework.boot.autoconfigure.thymeleaf.ThymeleafAutoConfiguration, org.springframework.boot.autoconfigure.validation.ValidationAutoConfiguration, org.springframework.boot.autoconfigure.web.ErrorMvcAutoConfiguration, org.springframework.boot.autoconfigure.web.HttpMessageConvertersAutoConfiguration, org.springframework.boot.autoconfigure.web.ServerPropertiesAutoConfiguration, org.springframework.boot.autoconfigure.web.WebMvcAutoConfiguration, org.springframework.boot.test.autoconfigure.web.servlet.MockMvcAutoConfiguration, org.springframework.boot.test.autoconfigure.web.servlet.MockMvcSecurityAutoConfiguration, org.springframework.boot.test.autoconfigure.web.servlet.MockMvcWebClientAutoConfiguration, org.springframework.boot.test.autoconfigure.web.servlet.MockMvcWebDriverAutoConfiguration]], org.springframework.boot.test.context.filter.ExcludeFilterContextCustomizer@63fb6ae9, org.springframework.boot.test.json.DuplicateJsonObjectContextCustomizerFactory$DuplicateJsonObjectContextCustomizer@36a0564e, org.springframework.boot.test.mock.mockito.MockitoContextCustomizer@d4dc889d], resourceBasePath = '', contextLoader = 'org.springframework.boot.test.context.SpringBootContextLoader', parent = [null]]], class annotated with @DirtiesContext [false] with mode [null].
15:27:57.810 [Test worker] DEBUG org.springframework.test.annotation.ProfileValueUtils - Retrieved @ProfileValueSourceConfiguration [null] for test class [com.ibm.customer.controller.CustomerControllerTest]
15:27:57.810 [Test worker] DEBUG org.springframework.test.annotation.ProfileValueUtils - Retrieved ProfileValueSource type [class org.springframework.test.annotation.SystemProfileValueSource] for class [com.ibm.customer.controller.CustomerControllerTest]
15:27:57.814 [Test worker] DEBUG org.springframework.test.context.support.DependencyInjectionTestExecutionListener - Performing dependency injection for test context [[DefaultTestContext@3d64f5e2 testClass = CustomerControllerTest, testInstance = com.ibm.customer.controller.CustomerControllerTest@601fa624, testMethod = [null], testException = [null], mergedContextConfiguration = [WebMergedContextConfiguration@1c36a373 testClass = CustomerControllerTest, locations = '{}', classes = '{class com.ibm.customer.Demo1Application}', contextInitializerClasses = '[]', activeProfiles = '{}', propertySourceLocations = '{}', propertySourceProperties = '{org.springframework.boot.test.autoconfigure.web.servlet.WebMvcTestContextBootstrapper=true}', contextCustomizers = set[org.springframework.boot.test.autoconfigure.OverrideAutoConfigurationContextCustomizerFactory$DisableAutoConfigurationContextCustomizer@6c99dc09, org.springframework.boot.test.autoconfigure.filter.TypeExcludeFiltersContextCustomizer@288c2df8, org.springframework.boot.test.autoconfigure.properties.PropertyMappingContextCustomizer@edea4631, org.springframework.boot.test.autoconfigure.web.servlet.WebDriverContextCustomizerFactory$Customizer@230a68ee, [ImportsContextCustomizer@df12772 key = [org.springframework.boot.autoconfigure.cache.CacheAutoConfiguration, org.springframework.boot.autoconfigure.context.MessageSourceAutoConfiguration, org.springframework.boot.autoconfigure.freemarker.FreeMarkerAutoConfiguration, org.springframework.boot.autoconfigure.groovy.template.GroovyTemplateAutoConfiguration, org.springframework.boot.autoconfigure.gson.GsonAutoConfiguration, org.springframework.boot.autoconfigure.hateoas.HypermediaAutoConfiguration, org.springframework.boot.autoconfigure.jackson.JacksonAutoConfiguration, org.springframework.boot.autoconfigure.mustache.MustacheAutoConfiguration, org.springframework.boot.autoconfigure.thymeleaf.ThymeleafAutoConfiguration, org.springframework.boot.autoconfigure.validation.ValidationAutoConfiguration, org.springframework.boot.autoconfigure.web.ErrorMvcAutoConfiguration, org.springframework.boot.autoconfigure.web.HttpMessageConvertersAutoConfiguration, org.springframework.boot.autoconfigure.web.ServerPropertiesAutoConfiguration, org.springframework.boot.autoconfigure.web.WebMvcAutoConfiguration, org.springframework.boot.test.autoconfigure.web.servlet.MockMvcAutoConfiguration, org.springframework.boot.test.autoconfigure.web.servlet.MockMvcSecurityAutoConfiguration, org.springframework.boot.test.autoconfigure.web.servlet.MockMvcWebClientAutoConfiguration, org.springframework.boot.test.autoconfigure.web.servlet.MockMvcWebDriverAutoConfiguration]], org.springframework.boot.test.context.filter.ExcludeFilterContextCustomizer@63fb6ae9, org.springframework.boot.test.json.DuplicateJsonObjectContextCustomizerFactory$DuplicateJsonObjectContextCustomizer@36a0564e, org.springframework.boot.test.mock.mockito.MockitoContextCustomizer@d4dc889d], resourceBasePath = '', contextLoader = 'org.springframework.boot.test.context.SpringBootContextLoader', parent = [null]]]].
15:27:57.963 [Test worker] DEBUG org.springframework.core.env.StandardEnvironment - Adding PropertySource 'systemProperties' with lowest search precedence
15:27:57.963 [Test worker] DEBUG org.springframework.core.env.StandardEnvironment - Adding PropertySource 'systemEnvironment' with lowest search precedence
15:27:57.964 [Test worker] DEBUG org.springframework.core.env.StandardEnvironment - Initialized StandardEnvironment with PropertySources [MapPropertySource@1521963690 {name='systemProperties', properties={java.runtime.name=Java(TM) SE Runtime Environment, sun.boot.library.path=C:\HertzInstalls\Java8Oracle\jre\bin, java.vm.version=25.144-b01, java.vm.vendor=Oracle Corporation, java.vendor.url=http://java.oracle.com/, path.separator=;, java.vm.name=Java HotSpot(TM) 64-Bit Server VM, file.encoding.pkg=sun.io, user.script=, sun.java.launcher=SUN_STANDARD, user.country=IN, sun.os.patch.level=, java.vm.specification.name=Java Virtual Machine Specification, user.dir=C:\Users\PUSHKARKALE\workspace-hertz\demoproject, java.runtime.version=1.8.0_144-b01, java.awt.graphicsenv=sun.awt.Win32GraphicsEnvironment, java.endorsed.dirs=C:\HertzInstalls\Java8Oracle\jre\lib\endorsed, os.arch=amd64, java.io.tmpdir=C:\Users\PUSHKA~1\AppData\Local\Temp\, line.separator=
, java.vm.specification.vendor=Oracle Corporation, user.variant=, os.name=Windows 10, sun.jnu.encoding=Cp1252, java.library.path=C:\HertzInstalls\Java8Oracle\bin;C:\WINDOWS\Sun\Java\bin;C:\WINDOWS\system32;C:\WINDOWS;C:\Program Files\Docker\Docker\Resources\bin;C:\ProgramData\Oracle\Java\javapath;C:\WINDOWS\system32;C:\WINDOWS;C:\WINDOWS\System32\Wbem;C:\WINDOWS\System32\WindowsPowerShell\v1.0\;C:\Program Files\CloudFoundry;C:\Program Files\IBM\Bluemix\bin;C:\HertzInstalls\Java8Oracle\bin;C:\Installations\apache-maven-3.5.2-bin\apache-maven-3.5.2\bin;C:\Program Files\Cloud Foundry;C:\Installations;C:\HertzInstalls\nodejs710\;C:\Installations\istio-0.4.0\bin;C:\Users\PUSHKARKALE\AppData\Local\Microsoft\WindowsApps;C:\Users\PUSHKARKALE\AppData\Roaming\npm;C:\Installations\Kubernetes\minikube;C:\Installations\curl-7.57.0\src;C:\Installations\Docker Toolbox;C:\WINDOWS\system32;C:\WINDOWS;C:\WINDOWS\System32\Wbem;C:\WINDOWS\System32\WindowsPowerShell\v1.0\;C:\Program Files\Intel\WiFi\bin\;C:\Program Files\Common Files\Intel\WirelessCommon\;C:\Program Files (x86)\Windows Kits\8.1\Windows Performance Toolkit\;C:\Installations\ant\\bin\;C:\Installations\sonar-scanner-3.0.3.778-windows\bin\;C:\Installations\gradle-4.5\bin\;C:\HertzInstalls\Git\cmd;C:\Users\PUSHKARKALE\AppData\Local\Microsoft\WindowsApps;C:\Program Files\Intel\WiFi\bin\;C:\Program Files\Common Files\Intel\WirelessCommon\;C:\HertzInstalls\Java8Oracle\bin;C:\Installations\apache-maven-3.5.2-bin\apache-maven-3.5.2\bin;C:\Users\PUSHKARKALE\AppData\Roaming\npm;;C:\Installations\DockerToolbox;., java.specification.name=Java Platform API Specification, java.class.version=52.0, org.gradle.native=false, sun.management.compiler=HotSpot 64-Bit Tiered Compilers, os.version=10.0, user.home=C:\Users\PUSHKARKALE, user.timezone=Asia/Calcutta, java.awt.printerjob=sun.awt.windows.WPrinterJob, file.encoding=windows-1252, java.specification.version=1.8, java.class.path=C:\Users\PUSHKARKALE\workspace-hertz\demoproject\build\classes\java\test;C:\Users\PUSHKARKALE\workspace-hertz\demoproject\build\resources\test;C:\Users\PUSHKARKALE\workspace-hertz\demoproject\build\classes\java\main;C:\Users\PUSHKARKALE\workspace-hertz\demoproject\build\resources\main;C:\Users\PUSHKARKALE\.gradle\caches\modules-2\files-2.1\org.springframework.boot\spring-boot-starter-web\1.5.10.RELEASE\8bc445f3ee81e5322e46b28cbb33bca1800b69d9\spring-boot-starter-web-1.5.10.RELEASE.jar;C:\Users\PUSHKARKALE\.gradle\caches\modules-2\files-2.1\org.springframework.boot\spring-boot-starter-actuator\1.5.10.RELEASE\64cfc9842b6b608b132ff258934db9045733f678\spring-boot-starter-actuator-1.5.10.RELEASE.jar;C:\Users\PUSHKARKALE\.gradle\caches\modules-2\files-2.1\org.springframework.boot\spring-boot-starter-data-mongodb\1.5.10.RELEASE\bf4a46badadfcdf81559d0cb8c09adf39d83bcd2\spring-boot-starter-data-mongodb-1.5.10.RELEASE.jar;C:\Users\PUSHKARKALE\.gradle\caches\modules-2\files-2.1\org.springframework.cloud\spring-cloud-starter-config\1.4.2.RELEASE\18a30a06cd13d784d6062c107d1f637bf1cc16a3\spring-cloud-starter-config-1.4.2.RELEASE.jar;C:\Users\PUSHKARKALE\.gradle\caches\modules-2\files-2.1\org.codehaus.groovy\groovy-all\2.4.5\1730f61e9c9e59fd1b814371265334d7be0b8d2\groovy-all-2.4.5.jar;C:\Users\PUSHKARKALE\.gradle\caches\modules-2\files-2.1\org.mongodb\mongodb-driver\3.2.0\3060f5ffa74ab10ecc0ef0674e4a7c5ab9289208\mongodb-driver-3.2.0.jar;C:\Users\PUSHKARKALE\.gradle\caches\modules-2\files-2.1\com.fasterxml.jackson.module\jackson-modules-java8\2.8.5\651dff03c98ec4b2908b1a2e1f6df83522474813\jackson-modules-java8-2.8.5.pom;C:\Users\PUSHKARKALE\.gradle\caches\modules-2\files-2.1\io.springfox\springfox-swagger2\2.4.0\c6919bdec913eb5e8204a7757cf86f34201f6aac\springfox-swagger2-2.4.0.jar;C:\Users\PUSHKARKALE\.gradle\caches\modules-2\files-2.1\io.springfox\springfox-swagger-ui\2.4.0\1205fbe70fbbcf6c87b3059a45772e56d8ce6615\springfox-swagger-ui-2.4.0.jar;C:\Users\PUSHKARKALE\.gradle\caches\modules-2\files-2.1\org.springframework.boot\spring-boot-starter-test\1.5.10.RELEASE\d4e1be51061d71b55f4bd4458d8437d1b943a70\spring-boot-starter-test-1.5.10.RELEASE.jar;C:\Users\PUSHKARKALE\.gradle\caches\modules-2\files-2.1\junit\junit\4.12\2973d150c0dc1fefe998f834810d68f278ea58ec\junit-4.12.jar;C:\Users\PUSHKARKALE\.gradle\caches\modules-2\files-2.1\org.springframework.cloud\spring-cloud-starter\1.3.2.RELEASE\fedb93a4a0ea9704b06a7ddc58c09af2cdce9a38\spring-cloud-starter-1.3.2.RELEASE.jar;C:\Users\PUSHKARKALE\.gradle\caches\modules-2\files-2.1\org.springframework.boot\spring-boot-starter\1.5.10.RELEASE\d935ac98f84c1d97d7ccd702d21abdc236fa7aa0\spring-boot-starter-1.5.10.RELEASE.jar;C:\Users\PUSHKARKALE\.gradle\caches\modules-2\files-2.1\org.springframework.boot\spring-boot-starter-tomcat\1.5.10.RELEASE\11e474e265f1c68fc435dddbac42ab3574b5e4b6\spring-boot-starter-tomcat-1.5.10.RELEASE.jar;C:\Users\PUSHKARKALE\.gradle\caches\modules-2\files-2.1\org.hibernate\hibernate-validator\5.3.6.Final\4c730be8bf55a8e9a61e79a2f2c079abf48b718\hibernate-validator-5.3.6.Final.jar;C:\Users\PUSHKARKALE\.gradle\caches\modules-2\files-2.1\org.springframework.boot\spring-boot-actuator\1.5.10.RELEASE\6cd22e2348aec18a19bedf86b5fb6d932d3f8c18\spring-boot-actuator-1.5.10.RELEASE.jar;C:\Users\PUSHKARKALE\.gradle\caches\modules-2\files-2.1\org.springframework.cloud\spring-cloud-config-client\1.4.2.RELEASE\fc9d8e46f43fc20cdd3c2d637dfe859a1f85ea3\spring-cloud-config-client-1.4.2.RELEASE.jar;C:\Users\PUSHKARKALE\.gradle\caches\modules-2\files-2.1\com.fasterxml.jackson.core\jackson-databind\2.8.10\f7b83cb2bc4b88d53961e749e1ad32f49ef017b7\jackson-databind-2.8.10.jar;C:\Users\PUSHKARKALE\.gradle\caches\modules-2\files-2.1\org.springframework\spring-webmvc\4.3.14.RELEASE\1571eab8a807005d424ca16fedd54b1f439787b2\spring-webmvc-4.3.14.RELEASE.jar;C:\Users\PUSHKARKALE\.gradle\caches\modules-2\files-2.1\org.springframework\spring-web\4.3.14.RELEASE\a0c3bf3ad661db185675bd5af350f35ed11f0903\spring-web-4.3.14.RELEASE.jar;C:\Users\PUSHKARKALE\.gradle\caches\modules-2\files-2.1\org.springframework.data\spring-data-mongodb\1.10.10.RELEASE\b452b00c8a83039b94edb33ecc278200ba940b74\spring-data-mongodb-1.10.10.RELEASE.jar;C:\Users\PUSHKARKALE\.gradle\caches\modules-2\files-2.1\org.mongodb\mongodb-driver-core\3.2.0\e9bc5b1eaa12f2b5779435d73860a3f4fe3beee0\mongodb-driver-core-3.2.0.jar;C:\Users\PUSHKARKALE\.gradle\caches\modules-2\files-2.1\org.mongodb\bson\3.2.0\d33524993e65abc5ec52d8d7f3be4b4fed147031\bson-3.2.0.jar;C:\Users\PUSHKARKALE\.gradle\caches\modules-2\files-2.1\io.springfox\springfox-swagger-common\2.4.0\8fe40ed5b97575890c82a04511e57f4c089c9a7b\springfox-swagger-common-2.4.0.jar;C:\Users\PUSHKARKALE\.gradle\caches\modules-2\files-2.1\io.swagger\swagger-models\1.5.6\e5c36321b8bbd1e4f10858b5ceededdeeb4844e1\swagger-models-1.5.6.jar;C:\Users\PUSHKARKALE\.gradle\caches\modules-2\files-2.1\io.swagger\swagger-annotations\1.5.6\feb5c3bbf4d4c16b24bcccef23d234451e95abf3\swagger-annotations-1.5.6.jar;C:\Users\PUSHKARKALE\.gradle\caches\modules-2\files-2.1\io.springfox\springfox-spring-web\2.4.0\3cbfea59cc9eec05f278e68d1cbf85de98bab563\springfox-spring-web-2.4.0.jar;C:\Users\PUSHKARKALE\.gradle\caches\modules-2\files-2.1\io.springfox\springfox-schema\2.4.0\5ccdc3f47cf6b888bcf8fd2c127a9dc7b68057d7\springfox-schema-2.4.0.jar;C:\Users\PUSHKARKALE\.gradle\caches\modules-2\files-2.1\io.springfox\springfox-spi\2.4.0\c822599f794e24f3b9350cde430e848d80032306\springfox-spi-2.4.0.jar;C:\Users\PUSHKARKALE\.gradle\caches\modules-2\files-2.1\io.springfox\springfox-core\2.4.0\e11854b8ede27b6eafa56c29e08e6a0e7ac4c278\springfox-core-2.4.0.jar;C:\Users\PUSHKARKALE\.gradle\caches\modules-2\files-2.1\com.google.guava\guava\18.0\cce0823396aa693798f8882e64213b1772032b09\guava-18.0.jar;C:\Users\PUSHKARKALE\.gradle\caches\modules-2\files-2.1\com.fasterxml\classmate\1.3.4\3d5f48f10bbe4eb7bd862f10c0583be2e0053c6\classmate-1.3.4.jar;C:\Users\PUSHKARKALE\.gradle\caches\modules-2\files-2.1\org.springframework.plugin\spring-plugin-metadata\1.2.0.RELEASE\97223fc496b6cab31602eedbd4202aa4fff0d44f\spring-plugin-metadata-1.2.0.RELEASE.jar;C:\Users\PUSHKARKALE\.gradle\caches\modules-2\files-2.1\org.springframework.plugin\spring-plugin-core\1.2.0.RELEASE\f380e7760032e7d929184f8ad8a33716b75c0657\spring-plugin-core-1.2.0.RELEASE.jar;C:\Users\PUSHKARKALE\.gradle\caches\modules-2\files-2.1\com.jayway.jsonpath\json-path\2.2.0\22290d17944bd239fabf5ac69005a60a7ecbbbcb\json-path-2.2.0.jar;C:\Users\PUSHKARKALE\.gradle\caches\modules-2\files-2.1\org.springframework.data\spring-data-commons\1.13.10.RELEASE\b732245a0902b561b0c33e54cd0f382e9ac444ed\spring-data-commons-1.13.10.RELEASE.jar;C:\Users\PUSHKARKALE\.gradle\caches\modules-2\files-2.1\org.springframework.boot\spring-boot-starter-logging\1.5.10.RELEASE\62c73688208b3173645d6701fc3eb95ca657e6c8\spring-boot-starter-logging-1.5.10.RELEASE.jar;C:\Users\PUSHKARKALE\.gradle\caches\modules-2\files-2.1\org.slf4j\jcl-over-slf4j\1.7.25\f8c32b13ff142a513eeb5b6330b1588dcb2c0461\jcl-over-slf4j-1.7.25.jar;C:\Users\PUSHKARKALE\.gradle\caches\modules-2\files-2.1\ch.qos.logback\logback-classic\1.1.11\ccedfbacef4a6515d2983e3f89ed753d5d4fb665\logback-classic-1.1.11.jar;C:\Users\PUSHKARKALE\.gradle\caches\modules-2\files-2.1\org.slf4j\jul-to-slf4j\1.7.25\af5364cd6679bfffb114f0dec8a157aaa283b76\jul-to-slf4j-1.7.25.jar;C:\Users\PUSHKARKALE\.gradle\caches\modules-2\files-2.1\org.slf4j\log4j-over-slf4j\1.7.25\a87bb47468f47ee7aabbd54f93e133d4215769c3\log4j-over-slf4j-1.7.25.jar;C:\Users\PUSHKARKALE\.gradle\caches\modules-2\files-2.1\org.slf4j\slf4j-api\1.7.25\da76ca59f6a57ee3102f8f9bd9cee742973efa8a\slf4j-api-1.7.25.jar;C:\Users\PUSHKARKALE\.gradle\caches\modules-2\files-2.1\org.mockito\mockito-core\1.10.19\e8546f5bef4e061d8dd73895b4e8f40e3fe6effe\mockito-core-1.10.19.jar;C:\Users\PUSHKARKALE\.gradle\caches\modules-2\files-2.1\org.hamcrest\hamcrest-library\1.3\4785a3c21320980282f9f33d0d1264a69040538f\hamcrest-library-1.3.jar;C:\Users\PUSHKARKALE\.gradle\caches\modules-2\files-2.1\org.hamcrest\hamcrest-core\1.3\42a25dc3219429f0e5d060061f71acb49bf010a0\hamcrest-core-1.3.jar;C:\Users\PUSHKARKALE\.gradle\caches\modules-2\files-2.1\org.springframework.boot\spring-boot-test-autoconfigure\1.5.10.RELEASE\55242f7c194fb141de8460a92e92b716469fc3a8\spring-boot-test-autoconfigure-1.5.10.RELEASE.jar;C:\Users\PUSHKARKALE\.gradle\caches\modules-2\files-2.1\org.springframework.boot\spring-boot-test\1.5.10.RELEASE\b7f28e8896906f0bbbb951727a7c5581c562d1c9\spring-boot-test-1.5.10.RELEASE.jar;C:\Users\PUSHKARKALE\.gradle\caches\modules-2\files-2.1\org.assertj\assertj-core\2.6.0\b532c3fc4f66bcfee4989a3514f1cd56203a33ad\assertj-core-2.6.0.jar;C:\Users\PUSHKARKALE\.gradle\caches\modules-2\files-2.1\org.skyscreamer\jsonassert\1.4.0\9cdbb373a06f6513e51e8c545ee6a5e981463edb\jsonassert-1.4.0.jar;C:\Users\PUSHKARKALE\.gradle\caches\modules-2\files-2.1\org.springframework\spring-test\4.3.14.RELEASE\1a7f6f51a263a3e09e94403653348b3864412c53\spring-test-4.3.14.RELEASE.jar;C:\Users\PUSHKARKALE\.gradle\caches\modules-2\files-2.1\org.springframework.boot\spring-boot-autoconfigure\1.5.10.RELEASE\be96efab0d35181f18c486b0ec8d6a41a7042fce\spring-boot-autoconfigure-1.5.10.RELEASE.jar;C:\Users\PUSHKARKALE\.gradle\caches\modules-2\files-2.1\org.springframework.boot\spring-boot\1.5.10.RELEASE\594b3efa04829f62754a19f59f81ba204636167a\spring-boot-1.5.10.RELEASE.jar;C:\Users\PUSHKARKALE\.gradle\caches\modules-2\files-2.1\org.springframework\spring-context\4.3.14.RELEASE\e50a712960926c30e537ef4a633f5d9dd5a8b155\spring-context-4.3.14.RELEASE.jar;C:\Users\PUSHKARKALE\.gradle\caches\modules-2\files-2.1\org.springframework\spring-aop\4.3.14.RELEASE\dfe55b0592aead8e3eb0e6a4e98db433b9e09bd7\spring-aop-4.3.14.RELEASE.jar;C:\Users\PUSHKARKALE\.gradle\caches\modules-2\files-2.1\org.springframework\spring-tx\4.3.14.RELEASE\1c9449fcb805837db3c706eab4c729f89688a267\spring-tx-4.3.14.RELEASE.jar;C:\Users\PUSHKARKALE\.gradle\caches\modules-2\files-2.1\org.springframework\spring-beans\4.3.14.RELEASE\7bcd17a68dd64e9447d7bff2c42ba7417678596e\spring-beans-4.3.14.RELEASE.jar;C:\Users\PUSHKARKALE\.gradle\caches\modules-2\files-2.1\org.springframework\spring-expression\4.3.14.RELEASE\58477b44debcb49b09e962e3047ee74c2c033e89\spring-expression-4.3.14.RELEASE.jar;C:\Users\PUSHKARKALE\.gradle\caches\modules-2\files-2.1\org.springframework\spring-core\4.3.14.RELEASE\c70ddb6204457a802d1f6882d65bca3e5b3c41df\spring-core-4.3.14.RELEASE.jar;C:\Users\PUSHKARKALE\.gradle\caches\modules-2\files-2.1\org.yaml\snakeyaml\1.17\7a27ea250c5130b2922b86dea63cbb1cc10a660c\snakeyaml-1.17.jar;C:\Users\PUSHKARKALE\.gradle\caches\modules-2\files-2.1\org.apache.tomcat.embed\tomcat-embed-websocket\8.5.27\3cba1c5187a17b0233de5712024d6e144036ba9a\tomcat-embed-websocket-8.5.27.jar;C:\Users\PUSHKARKALE\.gradle\caches\modules-2\files-2.1\org.apache.tomcat.embed\tomcat-embed-core\8.5.27\a10612f0af27c7bfcc4e8d88393adad1fc5b4ece\tomcat-embed-core-8.5.27.jar;C:\Users\PUSHKARKALE\.gradle\caches\modules-2\files-2.1\org.apache.tomcat.embed\tomcat-embed-el\8.5.27\5a591bcf5c930d2b37bb40c0f95180604a3b1a57\tomcat-embed-el-8.5.27.jar;C:\Users\PUSHKARKALE\.gradle\caches\modules-2\files-2.1\javax.validation\validation-api\1.1.0.Final\8613ae82954779d518631e05daa73a6a954817d5\validation-api-1.1.0.Final.jar;C:\Users\PUSHKARKALE\.gradle\caches\modules-2\files-2.1\org.jboss.logging\jboss-logging\3.3.1.Final\c46217ab74b532568c0ed31dc599db3048bd1b67\jboss-logging-3.3.1.Final.jar;C:\Users\PUSHKARKALE\.gradle\caches\modules-2\files-2.1\com.fasterxml.jackson.core\jackson-annotations\2.8.0\45b426f7796b741035581a176744d91090e2e6fb\jackson-annotations-2.8.0.jar;C:\Users\PUSHKARKALE\.gradle\caches\modules-2\files-2.1\com.fasterxml.jackson.core\jackson-core\2.8.10\eb21a035c66ad307e66ec8fce37f5d50fd62d039\jackson-core-2.8.10.jar;C:\Users\PUSHKARKALE\.gradle\caches\modules-2\files-2.1\org.springframework.cloud\spring-cloud-context\1.3.2.RELEASE\cced0fa4277765bd99ae81faa3a9a4677fba1260\spring-cloud-context-1.3.2.RELEASE.jar;C:\Users\PUSHKARKALE\.gradle\caches\modules-2\files-2.1\org.springframework.cloud\spring-cloud-commons\1.3.2.RELEASE\5de94425c1bb51f1ee73ca7e14eef88d8c020dc8\spring-cloud-commons-1.3.2.RELEASE.jar;C:\Users\PUSHKARKALE\.gradle\caches\modules-2\files-2.1\org.springframework.security\spring-security-rsa\1.0.3.RELEASE\b0b1ee770597b5de1b51e9a889dfd2dc35d251b0\spring-security-rsa-1.0.3.RELEASE.jar;C:\Users\PUSHKARKALE\.gradle\caches\modules-2\files-2.1\net.minidev\json-smart\2.2.1\5b9e5df7a62d1279b70dc882b041d249c4f0b002\json-smart-2.2.1.jar;C:\Users\PUSHKARKALE\.gradle\caches\modules-2\files-2.1\org.objenesis\objenesis\2.1\87c0ea803b69252868d09308b4618f766f135a96\objenesis-2.1.jar;C:\Users\PUSHKARKALE\.gradle\caches\modules-2\files-2.1\com.vaadin.external.google\android-json\0.0.20131108.vaadin1\fa26d351fe62a6a17f5cda1287c1c6110dec413f\android-json-0.0.20131108.vaadin1.jar;C:\Users\PUSHKARKALE\.gradle\caches\modules-2\files-2.1\org.apache.tomcat\tomcat-annotations-api\8.5.27\122c0a4acaba72bf4590e83c9fbcb3475c46edc5\tomcat-annotations-api-8.5.27.jar;C:\Users\PUSHKARKALE\.gradle\caches\modules-2\files-2.1\org.springframework.security\spring-security-crypto\4.2.4.RELEASE\31e79840d213f13b2bb28bda0d65fe54a78766c8\spring-security-crypto-4.2.4.RELEASE.jar;C:\Users\PUSHKARKALE\.gradle\caches\modules-2\files-2.1\org.apache.httpcomponents\httpclient\4.5.5\1603dfd56ebcd583ccdf337b6c3984ac55d89e58\httpclient-4.5.5.jar;C:\Users\PUSHKARKALE\.gradle\caches\modules-2\files-2.1\org.bouncycastle\bcpkix-jdk15on\1.55\6392d8cba22b722c6570d660ca0b3921ff1bae4f\bcpkix-jdk15on-1.55.jar;C:\Users\PUSHKARKALE\.gradle\caches\modules-2\files-2.1\net.minidev\accessors-smart\1.1\a527213f2fea112a04c9bdf0ec0264e34104cd08\accessors-smart-1.1.jar;C:\Users\PUSHKARKALE\.gradle\caches\modules-2\files-2.1\ch.qos.logback\logback-core\1.1.11\88b8df40340eed549fb07e2613879bf6b006704d\logback-core-1.1.11.jar;C:\Users\PUSHKARKALE\.gradle\caches\modules-2\files-2.1\org.apache.httpcomponents\httpcore\4.4.9\a86ce739e5a7175b4b234c290a00a5fdb80957a0\httpcore-4.4.9.jar;C:\Users\PUSHKARKALE\.gradle\caches\modules-2\files-2.1\commons-codec\commons-codec\1.10\4b95f4897fa13f2cd904aee711aeafc0c5295cd8\commons-codec-1.10.jar;C:\Users\PUSHKARKALE\.gradle\caches\modules-2\files-2.1\org.bouncycastle\bcprov-jdk15on\1.55\935f2e57a00ec2c489cbd2ad830d4a399708f979\bcprov-jdk15on-1.55.jar;C:\Users\PUSHKARKALE\.gradle\caches\modules-2\files-2.1\org.ow2.asm\asm\5.0.3\dcc2193db20e19e1feca8b1240dbbc4e190824fa\asm-5.0.3.jar, user.name=PUSHKARKALE, java.vm.specification.version=1.8, sun.java.command=worker.org.gradle.process.internal.worker.GradleWorkerMain 'Gradle Test Executor 2', java.home=C:\HertzInstalls\Java8Oracle\jre, sun.arch.data.model=64, user.language=en, java.specification.vendor=Oracle Corporation, awt.toolkit=sun.awt.windows.WToolkit, java.vm.info=mixed mode, java.version=1.8.0_144, java.ext.dirs=C:\HertzInstalls\Java8Oracle\jre\lib\ext;C:\WINDOWS\Sun\Java\lib\ext, sun.boot.class.path=C:\HertzInstalls\Java8Oracle\jre\lib\resources.jar;C:\HertzInstalls\Java8Oracle\jre\lib\rt.jar;C:\HertzInstalls\Java8Oracle\jre\lib\sunrsasign.jar;C:\HertzInstalls\Java8Oracle\jre\lib\jsse.jar;C:\HertzInstalls\Java8Oracle\jre\lib\jce.jar;C:\HertzInstalls\Java8Oracle\jre\lib\charsets.jar;C:\HertzInstalls\Java8Oracle\jre\lib\jfr.jar;C:\HertzInstalls\Java8Oracle\jre\classes, java.vendor=Oracle Corporation, org.gradle.test.worker=2, file.separator=\, java.vendor.url.bug=http://bugreport.sun.com/bugreport/, sun.io.unicode.encoding=UnicodeLittle, sun.cpu.endian=little, sun.desktop=windows, sun.cpu.isalist=amd64}}, SystemEnvironmentPropertySource@120019592 {name='systemEnvironment', properties={USERDOMAIN_ROAMINGPROFILE=AzureAD, PROCESSOR_LEVEL=6, VS140COMNTOOLS=C:\Program Files (x86)\Microsoft Visual Studio 14.0\Common7\Tools\, SESSIONNAME=Console, ALLUSERSPROFILE=C:\ProgramData, PROCESSOR_ARCHITECTURE=AMD64, PSModulePath=C:\Program Files\WindowsPowerShell\Modules;C:\WINDOWS\system32\WindowsPowerShell\v1.0\Modules, SystemDrive=C:, =E:=E:\, =ExitCode=00000000, DIRNAME=C:\Installations\gradle-4.5\bin\, USERNAME=PUSHKARKALE, CMD_LINE_ARGS=build, ProgramFiles(x86)=C:\Program Files (x86), FPS_BROWSER_USER_PROFILE_STRING=Default, APP_HOME=C:\Installations\gradle-4.5\bin\.., PATHEXT=.COM;.EXE;.BAT;.CMD;.VBS;.VBE;.JS;.JSE;.WSF;.WSH;.MSC, ProgramData=C:\ProgramData, ProgramW6432=C:\Program Files, HOMEPATH=\Users\PUSHKARKALE, PROCESSOR_IDENTIFIER=Intel64 Family 6 Model 78 Stepping 3, GenuineIntel, GYP_MSVS_VERSION=2015, M2_HOME=C:\Installations\apache-maven-3.5.2-bin\apache-maven-3.5.2, ProgramFiles=C:\Program Files, PUBLIC=C:\Users\Public, windir=C:\WINDOWS, =::=::\, _SKIP=2, LOCALAPPDATA=C:\Users\PUSHKARKALE\AppData\Local, USERDOMAIN=AzureAD, FPS_BROWSER_APP_PROFILE_STRING=Internet Explorer, LOGONSERVER=\\DESKTOP-MO8QFGR, JAVA_HOME=C:\HertzInstalls\Java8Oracle, PROMPT=$P$G, PYTHON=C:\Installations\Python2.7\python.exe, GRADLE_HOME=C:\Installations\gradle-4.5, ANT_HOME=C:\Installations\ant\, OneDrive=C:\Users\PUSHKARKALE\OneDrive, =C:=C:\Users\PUSHKARKALE\workspace-hertz\demoproject, APPDATA=C:\Users\PUSHKARKALE\AppData\Roaming, JAVA_EXE=C:\HertzInstalls\Java8Oracle/bin/java.exe, VBOX_MSI_INSTALL_PATH=C:\Program Files\Oracle\VirtualBox\, CommonProgramFiles=C:\Program Files\Common Files, Path=C:\Program Files\Docker\Docker\Resources\bin;C:\ProgramData\Oracle\Java\javapath;C:\WINDOWS\system32;C:\WINDOWS;C:\WINDOWS\System32\Wbem;C:\WINDOWS\System32\WindowsPowerShell\v1.0\;C:\Program Files\CloudFoundry;C:\Program Files\IBM\Bluemix\bin;C:\HertzInstalls\Java8Oracle\bin;C:\Installations\apache-maven-3.5.2-bin\apache-maven-3.5.2\bin;C:\Program Files\Cloud Foundry;C:\Installations;C:\HertzInstalls\nodejs710\;C:\Installations\istio-0.4.0\bin;C:\Users\PUSHKARKALE\AppData\Local\Microsoft\WindowsApps;C:\Users\PUSHKARKALE\AppData\Roaming\npm;C:\Installations\Kubernetes\minikube;C:\Installations\curl-7.57.0\src;C:\Installations\Docker Toolbox;C:\WINDOWS\system32;C:\WINDOWS;C:\WINDOWS\System32\Wbem;C:\WINDOWS\System32\WindowsPowerShell\v1.0\;C:\Program Files\Intel\WiFi\bin\;C:\Program Files\Common Files\Intel\WirelessCommon\;C:\Program Files (x86)\Windows Kits\8.1\Windows Performance Toolkit\;C:\Installations\ant\\bin\;C:\Installations\sonar-scanner-3.0.3.778-windows\bin\;C:\Installations\gradle-4.5\bin\;C:\HertzInstalls\Git\cmd;C:\Users\PUSHKARKALE\AppData\Local\Microsoft\WindowsApps;C:\Program Files\Intel\WiFi\bin\;C:\Program Files\Common Files\Intel\WirelessCommon\;C:\HertzInstalls\Java8Oracle\bin;C:\Installations\apache-maven-3.5.2-bin\apache-maven-3.5.2\bin;C:\Users\PUSHKARKALE\AppData\Roaming\npm;;C:\Installations\DockerToolbox, OS=Windows_NT, SONAR_RUNNER_HOME=C:\Installations\sonar-scanner-3.0.3.778-windows, COMPUTERNAME=DESKTOP-MO8QFGR, PROCESSOR_REVISION=4e03, CLASSPATH=C:\Installations\gradle-4.5\bin\..\lib\gradle-launcher-4.5.jar, CommonProgramW6432=C:\Program Files\Common Files, ComSpec=C:\WINDOWS\system32\cmd.exe, APP_BASE_NAME=gradle, =D:=D:\, SystemRoot=C:\WINDOWS, TEMP=C:\Users\PUSHKA~1\AppData\Local\Temp, HOMEDRIVE=C:, USERPROFILE=C:\Users\PUSHKARKALE, TMP=C:\Users\PUSHKA~1\AppData\Local\Temp, CommonProgramFiles(x86)=C:\Program Files (x86)\Common Files, NUMBER_OF_PROCESSORS=4, DOCKER_TOOLBOX_INSTALL_PATH=C:\Installations\DockerToolbox}}]
15:27:57.969 [Test worker] DEBUG org.springframework.core.env.MutablePropertySources - Adding PropertySource 'inline' with highest search precedence
15:27:57.980 [Test worker] DEBUG org.springframework.test.context.support.TestPropertySourceUtils - Adding inlined properties to environment: {spring.jmx.enabled=false, org.springframework.boot.test.autoconfigure.web.servlet.WebMvcTestContextBootstrapper=true, server.port=-1}
15:27:57.980 [Test worker] DEBUG org.springframework.core.env.StandardEnvironment - Adding PropertySource 'Inlined Test Properties' with highest search precedence
2018-03-05 15:28:00.248  INFO 12744 --- [    Test worker] s.c.a.AnnotationConfigApplicationContext : Refreshing org.springframework.context.annotation.AnnotationConfigApplicationContext@1facc022: startup date [Mon Mar 05 15:28:00 IST 2018]; root of context hierarchy
2018-03-05 15:28:00.818  INFO 12744 --- [    Test worker] trationDelegate$BeanPostProcessorChecker : Bean 'configurationPropertiesRebinderAutoConfiguration' of type [org.springframework.cloud.autoconfigure.ConfigurationPropertiesRebinderAutoConfiguration$$EnhancerBySpringCGLIB$$b392fbb9] is not eligible for getting processed by all BeanPostProcessors (for example: not eligible for auto-proxying)

  .   ____          _            __ _ _
 /\\ / ___'_ __ _ _(_)_ __  __ _ \ \ \ \
( ( )\___ | '_ | '_| | '_ \/ _` | \ \ \ \
 \\/  ___)| |_)| | | | | || (_| |  ) ) ) )
  '  |____| .__|_| |_|_| |_\__, | / / / /
 =========|_|==============|___/=/_/_/_/
 :: Spring Boot ::       (v1.5.10.RELEASE)

2018-03-05 15:28:02.483  INFO 12744 --- [    Test worker] c.c.c.ConfigServicePropertySourceLocator : Fetching config from server at: http://localhost:8888
2018-03-05 15:28:03.631  WARN 12744 --- [    Test worker] c.c.c.ConfigServicePropertySourceLocator : Could not locate PropertySource: I/O error on GET request for "http://localhost:8888/application/default": Connection refused: connect; nested exception is java.net.ConnectException: Connection refused: connect
2018-03-05 15:28:03.643  INFO 12744 --- [    Test worker] c.i.c.controller.CustomerControllerTest  : No active profile set, falling back to default profiles: default
2018-03-05 15:28:03.648  INFO 12744 --- [    Test worker] o.s.w.c.s.GenericWebApplicationContext   : Refreshing org.springframework.web.context.support.GenericWebApplicationContext@780bcb7a: startup date [Mon Mar 05 15:28:03 IST 2018]; parent: org.springframework.context.annotation.AnnotationConfigApplicationContext@1facc022
2018-03-05 15:28:06.408  INFO 12744 --- [    Test worker] s.w.s.m.m.a.RequestMappingHandlerMapping : Mapped "{[/v2/api-docs],methods=[GET],produces=[application/json || application/hal+json]}" onto public org.springframework.http.ResponseEntity<springfox.documentation.spring.web.json.Json> springfox.documentation.swagger2.web.Swagger2Controller.getDocumentation(java.lang.String,javax.servlet.http.HttpServletRequest)
2018-03-05 15:28:06.412  INFO 12744 --- [    Test worker] s.w.s.m.m.a.RequestMappingHandlerMapping : Mapped "{[/configuration/security]}" onto org.springframework.http.ResponseEntity<springfox.documentation.swagger.web.SecurityConfiguration> springfox.documentation.swagger.web.ApiResourceController.securityConfiguration()
2018-03-05 15:28:06.413  INFO 12744 --- [    Test worker] s.w.s.m.m.a.RequestMappingHandlerMapping : Mapped "{[/swagger-resources]}" onto org.springframework.http.ResponseEntity<java.util.List<springfox.documentation.swagger.web.SwaggerResource>> springfox.documentation.swagger.web.ApiResourceController.swaggerResources()
2018-03-05 15:28:06.414  INFO 12744 --- [    Test worker] s.w.s.m.m.a.RequestMappingHandlerMapping : Mapped "{[/configuration/ui]}" onto org.springframework.http.ResponseEntity<springfox.documentation.swagger.web.UiConfiguration> springfox.documentation.swagger.web.ApiResourceController.uiConfiguration()
2018-03-05 15:28:06.420  INFO 12744 --- [    Test worker] s.w.s.m.m.a.RequestMappingHandlerMapping : Mapped "{[/error]}" onto public org.springframework.http.ResponseEntity<java.util.Map<java.lang.String, java.lang.Object>> org.springframework.boot.autoconfigure.web.BasicErrorController.error(javax.servlet.http.HttpServletRequest)
2018-03-05 15:28:06.421  INFO 12744 --- [    Test worker] s.w.s.m.m.a.RequestMappingHandlerMapping : Mapped "{[/error],produces=[text/html]}" onto public org.springframework.web.servlet.ModelAndView org.springframework.boot.autoconfigure.web.BasicErrorController.errorHtml(javax.servlet.http.HttpServletRequest,javax.servlet.http.HttpServletResponse)
2018-03-05 15:28:06.430  INFO 12744 --- [    Test worker] s.w.s.m.m.a.RequestMappingHandlerMapping : Mapped "{[/api/customer],methods=[PUT],consumes=[application/json]}" onto public void com.ibm.customer.controller.CustomerController.update(com.ibm.customer.model.CustomerModel)
2018-03-05 15:28:06.433  INFO 12744 --- [    Test worker] s.w.s.m.m.a.RequestMappingHandlerMapping : Mapped "{[/api/customer/{id}],methods=[DELETE]}" onto public void com.ibm.customer.controller.CustomerController.delete(java.lang.String)
2018-03-05 15:28:06.435  INFO 12744 --- [    Test worker] s.w.s.m.m.a.RequestMappingHandlerMapping : Mapped "{[/api/customer/{id}]}" onto public com.ibm.customer.model.CustomerModel com.ibm.customer.controller.CustomerController.read(java.lang.String)
2018-03-05 15:28:06.437  INFO 12744 --- [    Test worker] s.w.s.m.m.a.RequestMappingHandlerMapping : Mapped "{[/api/customer],methods=[POST],consumes=[application/json]}" onto public void com.ibm.customer.controller.CustomerController.create(com.ibm.customer.model.CustomerModel)
2018-03-05 15:28:07.613  INFO 12744 --- [    Test worker] s.w.s.m.m.a.RequestMappingHandlerAdapter : Looking for @ControllerAdvice: org.springframework.web.context.support.GenericWebApplicationContext@780bcb7a: startup date [Mon Mar 05 15:28:03 IST 2018]; parent: org.springframework.context.annotation.AnnotationConfigApplicationContext@1facc022
2018-03-05 15:28:07.743  INFO 12744 --- [    Test worker] o.s.w.s.handler.SimpleUrlHandlerMapping  : Mapped URL path [/webjars/**] onto handler of type [class org.springframework.web.servlet.resource.ResourceHttpRequestHandler]
2018-03-05 15:28:07.744  INFO 12744 --- [    Test worker] o.s.w.s.handler.SimpleUrlHandlerMapping  : Mapped URL path [/**] onto handler of type [class org.springframework.web.servlet.resource.ResourceHttpRequestHandler]
2018-03-05 15:28:07.806  INFO 12744 --- [    Test worker] o.s.w.s.handler.SimpleUrlHandlerMapping  : Mapped URL path [/**/favicon.ico] onto handler of type [class org.springframework.web.servlet.resource.ResourceHttpRequestHandler]
2018-03-05 15:28:08.493  INFO 12744 --- [    Test worker] o.s.b.t.m.w.SpringBootMockServletContext : Initializing Spring FrameworkServlet ''
2018-03-05 15:28:08.493  INFO 12744 --- [    Test worker] o.s.t.web.servlet.TestDispatcherServlet  : FrameworkServlet '': initialization started
2018-03-05 15:28:08.519  INFO 12744 --- [    Test worker] o.s.t.web.servlet.TestDispatcherServlet  : FrameworkServlet '': initialization completed in 25 ms
2018-03-05 15:28:08.611  INFO 12744 --- [    Test worker] d.s.w.p.DocumentationPluginsBootstrapper : Context refreshed
2018-03-05 15:28:08.656  INFO 12744 --- [    Test worker] d.s.w.p.DocumentationPluginsBootstrapper : Found 1 custom documentation plugin(s)
2018-03-05 15:28:08.672  INFO 12744 --- [    Test worker] s.d.s.w.s.ApiListingReferenceScanner     : Scanning for api listing references
2018-03-05 15:28:08.921  INFO 12744 --- [    Test worker] c.i.c.controller.CustomerControllerTest  : Started CustomerControllerTest in 10.924 seconds (JVM running for 14.437)
]]></system-out>
  <system-err><![CDATA[]]></system-err>
</testsuite>
